# Logfile created on 2014-03-19 14:08:04 +0000 by logger.rb/44203
I, [2014-03-19T14:08:04.877885 #6642]  INFO -- : 0:  rack (1.5.2) from /Users/tiffanie-kyrachia/.rvm/gems/ruby-2.1.0/specifications/rack-1.5.2.gemspec
I, [2014-03-19T14:08:04.878374 #6642]  INFO -- : 0:  rack-protection (1.5.2) from /Users/tiffanie-kyrachia/.rvm/gems/ruby-2.1.0/specifications/rack-protection-1.5.2.gemspec
I, [2014-03-19T14:08:04.878701 #6642]  INFO -- : 0:  shotgun (0.9) from /Users/tiffanie-kyrachia/.rvm/gems/ruby-2.1.0/specifications/shotgun-0.9.gemspec
I, [2014-03-19T14:08:04.879028 #6642]  INFO -- : 0:  tilt (1.4.1) from /Users/tiffanie-kyrachia/.rvm/gems/ruby-2.1.0/specifications/tilt-1.4.1.gemspec
I, [2014-03-19T14:08:04.879363 #6642]  INFO -- : 0:  sinatra (1.4.4) from /Users/tiffanie-kyrachia/.rvm/gems/ruby-2.1.0/specifications/sinatra-1.4.4.gemspec
I, [2014-03-19T14:08:04.879679 #6642]  INFO -- : 0:  bundler (1.5.1) from /Users/tiffanie-kyrachia/.rvm/gems/ruby-2.1.0@global/specifications/bundler-1.5.1.gemspec
I, [2014-03-20T19:23:55.319615 #8676]  INFO -- : 0:  rack (1.5.2) from /Users/tiffanie-kyrachia/.rvm/gems/ruby-2.1.0/specifications/rack-1.5.2.gemspec
I, [2014-03-20T19:23:57.639871 #8676]  INFO -- : 0:  rack-flash3 (1.0.5) from /Users/tiffanie-kyrachia/.rvm/gems/ruby-2.1.0/specifications/rack-flash3-1.0.5.gemspec
I, [2014-03-20T19:23:57.640626 #8676]  INFO -- : 0:  rack-protection (1.5.2) from /Users/tiffanie-kyrachia/.rvm/gems/ruby-2.1.0/specifications/rack-protection-1.5.2.gemspec
I, [2014-03-20T19:23:57.641064 #8676]  INFO -- : 0:  shotgun (0.9) from /Users/tiffanie-kyrachia/.rvm/gems/ruby-2.1.0/specifications/shotgun-0.9.gemspec
I, [2014-03-20T19:23:57.641644 #8676]  INFO -- : 0:  tilt (1.4.1) from /Users/tiffanie-kyrachia/.rvm/gems/ruby-2.1.0/specifications/tilt-1.4.1.gemspec
I, [2014-03-20T19:23:57.642081 #8676]  INFO -- : 0:  sinatra (1.4.4) from /Users/tiffanie-kyrachia/.rvm/gems/ruby-2.1.0/specifications/sinatra-1.4.4.gemspec
I, [2014-03-20T19:23:57.642509 #8676]  INFO -- : 0:  bundler (1.5.1) from /Users/tiffanie-kyrachia/.rvm/gems/ruby-2.1.0@global/specifications/bundler-1.5.1.gemspec
I, [2014-03-21T10:14:40.124262 #9210]  INFO -- : 0:  rack (1.5.2) from /Users/tiffanie-kyrachia/.rvm/gems/ruby-2.1.0/specifications/rack-1.5.2.gemspec
I, [2014-03-21T10:14:40.188155 #9210]  INFO -- : 0:  rack-flash3 (1.0.5) from /Users/tiffanie-kyrachia/.rvm/gems/ruby-2.1.0/specifications/rack-flash3-1.0.5.gemspec
I, [2014-03-21T10:14:40.188578 #9210]  INFO -- : 0:  rack-protection (1.5.2) from /Users/tiffanie-kyrachia/.rvm/gems/ruby-2.1.0/specifications/rack-protection-1.5.2.gemspec
I, [2014-03-21T10:14:40.188943 #9210]  INFO -- : 0:  shotgun (0.9) from /Users/tiffanie-kyrachia/.rvm/gems/ruby-2.1.0/specifications/shotgun-0.9.gemspec
I, [2014-03-21T10:14:40.189318 #9210]  INFO -- : 0:  tilt (1.4.1) from /Users/tiffanie-kyrachia/.rvm/gems/ruby-2.1.0/specifications/tilt-1.4.1.gemspec
I, [2014-03-21T10:14:40.189685 #9210]  INFO -- : 0:  sinatra (1.4.4) from /Users/tiffanie-kyrachia/.rvm/gems/ruby-2.1.0/specifications/sinatra-1.4.4.gemspec
I, [2014-03-21T10:14:41.752358 #9210]  INFO -- : 0:  sinatra-partial (0.4.0) from /Users/tiffanie-kyrachia/.rvm/gems/ruby-2.1.0/specifications/sinatra-partial-0.4.0.gemspec
I, [2014-03-21T10:14:41.753018 #9210]  INFO -- : 0:  bundler (1.5.1) from /Users/tiffanie-kyrachia/.rvm/gems/ruby-2.1.0@global/specifications/bundler-1.5.1.gemspec
I, [2014-03-21T10:37:47.905756 #9240]  INFO -- : 0:  rack (1.5.2) from /Users/tiffanie-kyrachia/.rvm/gems/ruby-2.1.0/specifications/rack-1.5.2.gemspec
I, [2014-03-21T10:37:47.913113 #9240]  INFO -- : 0:  rack-flash3 (1.0.5) from /Users/tiffanie-kyrachia/.rvm/gems/ruby-2.1.0/specifications/rack-flash3-1.0.5.gemspec
I, [2014-03-21T10:37:47.913541 #9240]  INFO -- : 0:  rack-protection (1.5.2) from /Users/tiffanie-kyrachia/.rvm/gems/ruby-2.1.0/specifications/rack-protection-1.5.2.gemspec
I, [2014-03-21T10:37:47.913916 #9240]  INFO -- : 0:  shotgun (0.9) from /Users/tiffanie-kyrachia/.rvm/gems/ruby-2.1.0/specifications/shotgun-0.9.gemspec
I, [2014-03-21T10:37:47.914308 #9240]  INFO -- : 0:  tilt (1.4.1) from /Users/tiffanie-kyrachia/.rvm/gems/ruby-2.1.0/specifications/tilt-1.4.1.gemspec
I, [2014-03-21T10:37:47.914739 #9240]  INFO -- : 0:  sinatra (1.4.4) from /Users/tiffanie-kyrachia/.rvm/gems/ruby-2.1.0/specifications/sinatra-1.4.4.gemspec
I, [2014-03-21T10:37:47.915126 #9240]  INFO -- : 0:  sinatra-partial (0.4.0) from /Users/tiffanie-kyrachia/.rvm/gems/ruby-2.1.0/specifications/sinatra-partial-0.4.0.gemspec
I, [2014-03-21T10:37:47.915494 #9240]  INFO -- : 0:  bundler (1.5.1) from /Users/tiffanie-kyrachia/.rvm/gems/ruby-2.1.0@global/specifications/bundler-1.5.1.gemspec
